
> ai-code-review-arena@1.0.0 build
> cd frontend && npm run build


> code-review-arena-frontend@1.0.0 build
> tsc && vite build

vite v5.4.21 building for production...
transforming...
✓ 2515 modules transformed.
rendering chunks...
computing gzip size...
dist/index.html                             2.01 kB │ gzip:   0.73 kB
dist/assets/index-BXiauJNK.css             34.09 kB │ gzip:   6.46 kB
dist/assets/Skeleton-D54VEPs5.js            0.17 kB │ gzip:   0.16 kB
dist/assets/chevron-left-L1cZFpi_.js        0.30 kB │ gzip:   0.25 kB
dist/assets/validation-BrwYHtkl.js          0.31 kB │ gzip:   0.23 kB
dist/assets/arrow-left-BqXO7uVL.js          0.33 kB │ gzip:   0.27 kB
dist/assets/trending-up-DDcozh2S.js         0.37 kB │ gzip:   0.29 kB
dist/assets/alert-circle-DCfRCTDy.js        0.42 kB │ gzip:   0.29 kB
dist/assets/Textarea-CQLnHlm-.js            0.48 kB │ gzip:   0.32 kB
dist/assets/file-code-KZXpwcnI.js           0.49 kB │ gzip:   0.34 kB
dist/assets/errorParser-B4wOsBfS.js         0.51 kB │ gzip:   0.34 kB
dist/assets/chevron-up-3n3r4JuJ.js          0.54 kB │ gzip:   0.28 kB
dist/assets/Input-u8QTN5M3.js               0.55 kB │ gzip:   0.35 kB
dist/assets/zap-C-oqfbWq.js                 0.59 kB │ gzip:   0.32 kB
dist/assets/EmptyState-D3u8VjG9.js          0.61 kB │ gzip:   0.33 kB
dist/assets/message-square-44asJk5J.js      0.66 kB │ gzip:   0.34 kB
dist/assets/x-circle-CY3liiPb.js            0.67 kB │ gzip:   0.32 kB
dist/assets/Badge-8kxhfWHc.js               0.71 kB │ gzip:   0.36 kB
dist/assets/medal-5uraQy68.js               0.92 kB │ gzip:   0.46 kB
dist/assets/upload-BvjLpmwb.js              0.98 kB │ gzip:   0.41 kB
dist/assets/Login-B1p7H3re.js               2.52 kB │ gzip:   1.15 kB
dist/assets/Label-CbVBge5Z.js               2.64 kB │ gzip:   1.26 kB
dist/assets/useMutation-D6RCmc_J.js         2.97 kB │ gzip:   1.25 kB
dist/assets/providers-abDnkWv2.js           3.14 kB │ gzip:   1.38 kB
dist/assets/Tabs-tAJI6Edj.js                3.19 kB │ gzip:   1.35 kB
dist/assets/Register-CN-Iwa6H.js            3.43 kB │ gzip:   1.47 kB
dist/assets/ModelDuelSetup-CL_w1V6B.js      5.19 kB │ gzip:   1.85 kB
dist/assets/Projects--FW_i4R5.js            5.51 kB │ gzip:   2.22 kB
dist/assets/Rankings-DqzBVqyR.js            6.88 kB │ gzip:   2.00 kB
dist/assets/ModelDuelCompare-A4F17Gcc.js    7.82 kB │ gzip:   2.84 kB
dist/assets/Landing-Diy__nZk.js             8.07 kB │ gzip:   2.20 kB
dist/assets/ArenaDetail-BAFzGSzY.js         8.17 kB │ gzip:   2.65 kB
dist/assets/Dialog-VRLN6Xaa.js              8.89 kB │ gzip:   3.37 kB
dist/assets/ArenaRankings-B-WGHn03.js       8.93 kB │ gzip:   3.17 kB
dist/assets/useQuery-ByqKVm4n.js           10.38 kB │ gzip:   3.67 kB
dist/assets/Settings-DJDXWU6-.js           15.80 kB │ gzip:   5.04 kB
dist/assets/Select-27ReZsQM.js             22.89 kB │ gzip:   8.01 kB
dist/assets/ReviewDetail-BADFHCCr.js       24.31 kB │ gzip:   6.84 kB
dist/assets/ProjectDetail-BsZdW_qE.js      50.53 kB │ gzip:  14.90 kB
dist/assets/index-DWQ1mPHD.js             389.61 kB │ gzip: 126.36 kB
dist/assets/CodeViewer-Duz2J52d.js        642.21 kB │ gzip: 227.99 kB

(!) Some chunks are larger than 500 kB after minification. Consider:
- Using dynamic import() to code-split the application
- Use build.rollupOptions.output.manualChunks to improve chunking: https://rollupjs.org/configuration-options/#output-manualchunks
- Adjust chunk size limit for this warning via build.chunkSizeWarningLimit.
✓ built in 2.50s
