Requirement already satisfied: fastapi==0.109.0 in ./backend/.venv311/lib/python3.11/site-packages (from -r backend/requirements.txt (line 2)) (0.109.0)
Requirement already satisfied: uvicorn==0.27.0 in ./backend/.venv311/lib/python3.11/site-packages (from uvicorn[standard]==0.27.0->-r backend/requirements.txt (line 3)) (0.27.0)
Requirement already satisfied: python-multipart==0.0.6 in ./backend/.venv311/lib/python3.11/site-packages (from -r backend/requirements.txt (line 4)) (0.0.6)
Requirement already satisfied: sqlmodel==0.0.14 in ./backend/.venv311/lib/python3.11/site-packages (from -r backend/requirements.txt (line 7)) (0.0.14)
Requirement already satisfied: alembic==1.13.1 in ./backend/.venv311/lib/python3.11/site-packages (from -r backend/requirements.txt (line 8)) (1.13.1)
Requirement already satisfied: psycopg2-binary==2.9.9 in ./backend/.venv311/lib/python3.11/site-packages (from -r backend/requirements.txt (line 9)) (2.9.9)
Requirement already satisfied: python-jose==3.3.0 in ./backend/.venv311/lib/python3.11/site-packages (from python-jose[cryptography]==3.3.0->-r backend/requirements.txt (line 12)) (3.3.0)
Requirement already satisfied: passlib==1.7.4 in ./backend/.venv311/lib/python3.11/site-packages (from passlib[bcrypt]==1.7.4->-r backend/requirements.txt (line 13)) (1.7.4)
Collecting bcrypt==3.2.2 (from -r backend/requirements.txt (line 14))
  Downloading bcrypt-3.2.2-cp36-abi3-macosx_10_10_universal2.whl.metadata (8.3 kB)
Requirement already satisfied: python-dotenv==1.0.0 in ./backend/.venv311/lib/python3.11/site-packages (from -r backend/requirements.txt (line 15)) (1.0.0)
Requirement already satisfied: pydantic==2.5.3 in ./backend/.venv311/lib/python3.11/site-packages (from pydantic[email]==2.5.3->-r backend/requirements.txt (line 16)) (2.5.3)
Requirement already satisfied: pydantic-settings==2.1.0 in ./backend/.venv311/lib/python3.11/site-packages (from -r backend/requirements.txt (line 17)) (2.1.0)
Requirement already satisfied: redis==5.0.1 in ./backend/.venv311/lib/python3.11/site-packages (from -r backend/requirements.txt (line 20)) (5.0.1)
Requirement already satisfied: hiredis==2.3.2 in ./backend/.venv311/lib/python3.11/site-packages (from -r backend/requirements.txt (line 21)) (2.3.2)
Requirement already satisfied: httpx==0.26.0 in ./backend/.venv311/lib/python3.11/site-packages (from -r backend/requirements.txt (line 24)) (0.26.0)
Requirement already satisfied: aiohttp==3.9.1 in ./backend/.venv311/lib/python3.11/site-packages (from -r backend/requirements.txt (line 25)) (3.9.1)
Requirement already satisfied: python-dateutil==2.8.2 in ./backend/.venv311/lib/python3.11/site-packages (from -r backend/requirements.txt (line 28)) (2.8.2)
Requirement already satisfied: orjson==3.9.12 in ./backend/.venv311/lib/python3.11/site-packages (from -r backend/requirements.txt (line 29)) (3.9.12)
Requirement already satisfied: pytest==7.4.4 in ./backend/.venv311/lib/python3.11/site-packages (from -r backend/requirements.txt (line 32)) (7.4.4)
Requirement already satisfied: pytest-asyncio==0.23.3 in ./backend/.venv311/lib/python3.11/site-packages (from -r backend/requirements.txt (line 33)) (0.23.3)
Requirement already satisfied: pytest-cov==4.1.0 in ./backend/.venv311/lib/python3.11/site-packages (from -r backend/requirements.txt (line 34)) (4.1.0)
Requirement already satisfied: black==23.12.1 in ./backend/.venv311/lib/python3.11/site-packages (from -r backend/requirements.txt (line 38)) (23.12.1)
Requirement already satisfied: ruff==0.1.11 in ./backend/.venv311/lib/python3.11/site-packages (from -r backend/requirements.txt (line 39)) (0.1.11)
Requirement already satisfied: mypy==1.8.0 in ./backend/.venv311/lib/python3.11/site-packages (from -r backend/requirements.txt (line 40)) (1.8.0)
Requirement already satisfied: types-python-jose==3.3.4.8 in ./backend/.venv311/lib/python3.11/site-packages (from -r backend/requirements.txt (line 43)) (3.3.4.8)
Requirement already satisfied: types-passlib==1.7.7.20240106 in ./backend/.venv311/lib/python3.11/site-packages (from -r backend/requirements.txt (line 44)) (1.7.7.20240106)
Requirement already satisfied: types-redis==4.6.0.20240106 in ./backend/.venv311/lib/python3.11/site-packages (from -r backend/requirements.txt (line 45)) (4.6.0.20240106)
Requirement already satisfied: starlette<0.36.0,>=0.35.0 in ./backend/.venv311/lib/python3.11/site-packages (from fastapi==0.109.0->-r backend/requirements.txt (line 2)) (0.35.1)
Requirement already satisfied: typing-extensions>=4.8.0 in ./backend/.venv311/lib/python3.11/site-packages (from fastapi==0.109.0->-r backend/requirements.txt (line 2)) (4.15.0)
Requirement already satisfied: annotated-types>=0.4.0 in ./backend/.venv311/lib/python3.11/site-packages (from pydantic==2.5.3->pydantic[email]==2.5.3->-r backend/requirements.txt (line 16)) (0.7.0)
Requirement already satisfied: pydantic-core==2.14.6 in ./backend/.venv311/lib/python3.11/site-packages (from pydantic==2.5.3->pydantic[email]==2.5.3->-r backend/requirements.txt (line 16)) (2.14.6)
Requirement already satisfied: click>=7.0 in ./backend/.venv311/lib/python3.11/site-packages (from uvicorn==0.27.0->uvicorn[standard]==0.27.0->-r backend/requirements.txt (line 3)) (8.3.1)
Requirement already satisfied: h11>=0.8 in ./backend/.venv311/lib/python3.11/site-packages (from uvicorn==0.27.0->uvicorn[standard]==0.27.0->-r backend/requirements.txt (line 3)) (0.16.0)
Requirement already satisfied: SQLAlchemy<2.1.0,>=2.0.0 in ./backend/.venv311/lib/python3.11/site-packages (from sqlmodel==0.0.14->-r backend/requirements.txt (line 7)) (2.0.45)
Requirement already satisfied: Mako in ./backend/.venv311/lib/python3.11/site-packages (from alembic==1.13.1->-r backend/requirements.txt (line 8)) (1.3.10)
Requirement already satisfied: ecdsa!=0.15 in ./backend/.venv311/lib/python3.11/site-packages (from python-jose==3.3.0->python-jose[cryptography]==3.3.0->-r backend/requirements.txt (line 12)) (0.19.1)
Requirement already satisfied: rsa in ./backend/.venv311/lib/python3.11/site-packages (from python-jose==3.3.0->python-jose[cryptography]==3.3.0->-r backend/requirements.txt (line 12)) (4.9.1)
Requirement already satisfied: pyasn1 in ./backend/.venv311/lib/python3.11/site-packages (from python-jose==3.3.0->python-jose[cryptography]==3.3.0->-r backend/requirements.txt (line 12)) (0.6.1)
Requirement already satisfied: cffi>=1.1 in ./backend/.venv311/lib/python3.11/site-packages (from bcrypt==3.2.2->-r backend/requirements.txt (line 14)) (2.0.0)
Requirement already satisfied: anyio in ./backend/.venv311/lib/python3.11/site-packages (from httpx==0.26.0->-r backend/requirements.txt (line 24)) (4.12.1)
Requirement already satisfied: certifi in ./backend/.venv311/lib/python3.11/site-packages (from httpx==0.26.0->-r backend/requirements.txt (line 24)) (2026.1.4)
Requirement already satisfied: httpcore==1.* in ./backend/.venv311/lib/python3.11/site-packages (from httpx==0.26.0->-r backend/requirements.txt (line 24)) (1.0.9)
Requirement already satisfied: idna in ./backend/.venv311/lib/python3.11/site-packages (from httpx==0.26.0->-r backend/requirements.txt (line 24)) (3.11)
Requirement already satisfied: sniffio in ./backend/.venv311/lib/python3.11/site-packages (from httpx==0.26.0->-r backend/requirements.txt (line 24)) (1.3.1)
Requirement already satisfied: attrs>=17.3.0 in ./backend/.venv311/lib/python3.11/site-packages (from aiohttp==3.9.1->-r backend/requirements.txt (line 25)) (25.4.0)
Requirement already satisfied: multidict<7.0,>=4.5 in ./backend/.venv311/lib/python3.11/site-packages (from aiohttp==3.9.1->-r backend/requirements.txt (line 25)) (6.7.0)
Requirement already satisfied: yarl<2.0,>=1.0 in ./backend/.venv311/lib/python3.11/site-packages (from aiohttp==3.9.1->-r backend/requirements.txt (line 25)) (1.22.0)
Requirement already satisfied: frozenlist>=1.1.1 in ./backend/.venv311/lib/python3.11/site-packages (from aiohttp==3.9.1->-r backend/requirements.txt (line 25)) (1.8.0)
Requirement already satisfied: aiosignal>=1.1.2 in ./backend/.venv311/lib/python3.11/site-packages (from aiohttp==3.9.1->-r backend/requirements.txt (line 25)) (1.4.0)
Requirement already satisfied: six>=1.5 in ./backend/.venv311/lib/python3.11/site-packages (from python-dateutil==2.8.2->-r backend/requirements.txt (line 28)) (1.17.0)
Requirement already satisfied: iniconfig in ./backend/.venv311/lib/python3.11/site-packages (from pytest==7.4.4->-r backend/requirements.txt (line 32)) (2.3.0)
Requirement already satisfied: packaging in ./backend/.venv311/lib/python3.11/site-packages (from pytest==7.4.4->-r backend/requirements.txt (line 32)) (25.0)
Requirement already satisfied: pluggy<2.0,>=0.12 in ./backend/.venv311/lib/python3.11/site-packages (from pytest==7.4.4->-r backend/requirements.txt (line 32)) (1.6.0)
Requirement already satisfied: coverage>=5.2.1 in ./backend/.venv311/lib/python3.11/site-packages (from coverage[toml]>=5.2.1->pytest-cov==4.1.0->-r backend/requirements.txt (line 34)) (7.13.1)
Requirement already satisfied: mypy-extensions>=0.4.3 in ./backend/.venv311/lib/python3.11/site-packages (from black==23.12.1->-r backend/requirements.txt (line 38)) (1.1.0)
Requirement already satisfied: pathspec>=0.9.0 in ./backend/.venv311/lib/python3.11/site-packages (from black==23.12.1->-r backend/requirements.txt (line 38)) (1.0.3)
Requirement already satisfied: platformdirs>=2 in ./backend/.venv311/lib/python3.11/site-packages (from black==23.12.1->-r backend/requirements.txt (line 38)) (4.5.1)
Requirement already satisfied: types-pyasn1 in ./backend/.venv311/lib/python3.11/site-packages (from types-python-jose==3.3.4.8->-r backend/requirements.txt (line 43)) (0.6.0.20250914)
Requirement already satisfied: types-pyOpenSSL in ./backend/.venv311/lib/python3.11/site-packages (from types-redis==4.6.0.20240106->-r backend/requirements.txt (line 45)) (24.1.0.20240722)
Requirement already satisfied: cryptography>=35.0.0 in ./backend/.venv311/lib/python3.11/site-packages (from types-redis==4.6.0.20240106->-r backend/requirements.txt (line 45)) (46.0.3)
Requirement already satisfied: email-validator>=2.0.0 in ./backend/.venv311/lib/python3.11/site-packages (from pydantic[email]==2.5.3->-r backend/requirements.txt (line 16)) (2.3.0)
Requirement already satisfied: httptools>=0.5.0 in ./backend/.venv311/lib/python3.11/site-packages (from uvicorn[standard]==0.27.0->-r backend/requirements.txt (line 3)) (0.7.1)
Requirement already satisfied: pyyaml>=5.1 in ./backend/.venv311/lib/python3.11/site-packages (from uvicorn[standard]==0.27.0->-r backend/requirements.txt (line 3)) (6.0.3)
Requirement already satisfied: uvloop!=0.15.0,!=0.15.1,>=0.14.0 in ./backend/.venv311/lib/python3.11/site-packages (from uvicorn[standard]==0.27.0->-r backend/requirements.txt (line 3)) (0.22.1)
Requirement already satisfied: watchfiles>=0.13 in ./backend/.venv311/lib/python3.11/site-packages (from uvicorn[standard]==0.27.0->-r backend/requirements.txt (line 3)) (1.1.1)
Requirement already satisfied: websockets>=10.4 in ./backend/.venv311/lib/python3.11/site-packages (from uvicorn[standard]==0.27.0->-r backend/requirements.txt (line 3)) (15.0.1)
Requirement already satisfied: propcache>=0.2.1 in ./backend/.venv311/lib/python3.11/site-packages (from yarl<2.0,>=1.0->aiohttp==3.9.1->-r backend/requirements.txt (line 25)) (0.4.1)
Requirement already satisfied: pycparser in ./backend/.venv311/lib/python3.11/site-packages (from cffi>=1.1->bcrypt==3.2.2->-r backend/requirements.txt (line 14)) (2.23)
Requirement already satisfied: dnspython>=2.0.0 in ./backend/.venv311/lib/python3.11/site-packages (from email-validator>=2.0.0->pydantic[email]==2.5.3->-r backend/requirements.txt (line 16)) (2.8.0)
Requirement already satisfied: MarkupSafe>=0.9.2 in ./backend/.venv311/lib/python3.11/site-packages (from Mako->alembic==1.13.1->-r backend/requirements.txt (line 8)) (3.0.3)
Requirement already satisfied: types-cffi in ./backend/.venv311/lib/python3.11/site-packages (from types-pyOpenSSL->types-redis==4.6.0.20240106->-r backend/requirements.txt (line 45)) (1.17.0.20250915)
Requirement already satisfied: types-setuptools in ./backend/.venv311/lib/python3.11/site-packages (from types-cffi->types-pyOpenSSL->types-redis==4.6.0.20240106->-r backend/requirements.txt (line 45)) (80.9.0.20251223)
Downloading bcrypt-3.2.2-cp36-abi3-macosx_10_10_universal2.whl (50 kB)
Installing collected packages: bcrypt
  Attempting uninstall: bcrypt
    Found existing installation: bcrypt 5.0.0
    Uninstalling bcrypt-5.0.0:
      Successfully uninstalled bcrypt-5.0.0
Successfully installed bcrypt-3.2.2
